<?xml version="1.0" encoding="utf-8"?><testsuites name="pytest tests"><testsuite name="pytest" errors="0" failures="0" skipped="0" tests="109" time="8.614" timestamp="2026-08-29T03:38:51.133104+08:00" hostname="DESKTOP-R5L3QVS"><testcase classname="tests.test_bundle_builder_validation" name="test_empty_junit_and_low_coverage_are_failed" time="0.013" /><testcase classname="tests.test_bundle_builder_validation" name="test_ci_result_binds_source_commit_separately_from_checkout_commit" time="0.825" /><testcase classname="tests.test_bundle_builder_validation" name="test_ci_result_rejects_source_or_checkout_tampering" time="0.940" /><testcase classname="tests.test_bundle_builder_validation" name="test_bound_replay_digest_and_fixture_are_recomputed" time="0.009" /><testcase classname="tests.test_bundle_common" name="test_safe_relative_path_rejects_windows_ambiguous_paths[folder/file:stream]" time="0.002" /><testcase classname="tests.test_bundle_common" name="test_safe_relative_path_rejects_windows_ambiguous_paths[folder//file.json]" time="0.001" /><testcase classname="tests.test_bundle_common" name="test_safe_relative_path_rejects_windows_ambiguous_paths[folder/NUL.txt]" time="0.001" /><testcase classname="tests.test_bundle_common" name="test_safe_relative_path_rejects_windows_ambiguous_paths[folder/COM1]" time="0.001" /><testcase classname="tests.test_bundle_common" name="test_safe_relative_path_rejects_windows_ambiguous_paths[folder/trailing. ]" time="0.001" /><testcase classname="tests.test_bundle_common" name="test_read_json_rejects_ambiguous_or_nonstandard_json[{&quot;key&quot;: 1, &quot;key&quot;: 2}]" time="0.003" /><testcase classname="tests.test_bundle_common" name="test_read_json_rejects_ambiguous_or_nonstandard_json[{&quot;value&quot;: NaN}]" time="0.003" /><testcase classname="tests.test_bundle_common" name="test_read_json_rejects_ambiguous_or_nonstandard_json[{&quot;value&quot;: Infinity}]" time="0.003" /><testcase classname="tests.test_bundle_common" name="test_write_json_rejects_nan_without_replacing_existing_file" time="0.003" /><testcase classname="tests.test_bundle_evidence" name="test_release_schemas_are_valid" time="0.288" /><testcase classname="tests.test_bundle_evidence" name="test_candidate_bundle_metadata_verifies" time="0.619" /><testcase classname="tests.test_bundle_evidence" name="test_ci_clean_smoke_preserves_the_sealed_static_packet" time="0.001" /><testcase classname="tests.test_bundle_evidence" name="test_candidate_manifest_matches_dec_001_and_has_passed_offline_reports" time="0.001" /><testcase classname="tests.test_bundle_evidence" name="test_candidate_bundle_tampering_is_reported" time="0.629" /><testcase classname="tests.test_bundle_evidence" name="test_ci_evidence_collection_matches_schema" time="0.118" /><testcase classname="tests.test_bundle_evidence" name="test_ci_evidence_separates_manifest_source_and_checkout_head" time="0.009" /><testcase classname="tests.test_bundle_evidence" name="test_ci_evidence_remote_without_git_head_fails_closed" time="0.009" /><testcase classname="tests.test_bundle_evidence" name="test_ci_evidence_records_github_step_outcomes_and_job_failure" time="0.056" /><testcase classname="tests.test_bundle_evidence" name="test_ci_evidence_dependency_success_is_not_a_parse_error" time="0.054" /><testcase classname="tests.test_bundle_evidence" name="test_ci_evidence_accepts_clean_smoke_without_replay_digest_fields" time="0.017" /><testcase classname="tests.test_bundle_evidence" name="test_ci_evidence_rejects_clean_smoke_checkout_tampering" time="0.016" /><testcase classname="tests.test_bundle_evidence" name="test_ci_evidence_main_returns_failure_for_failed_packet" time="0.053" /><testcase classname="tests.test_bundle_evidence" name="test_ci_evidence_missing_report_is_recorded_without_crashing" time="0.056" /><testcase classname="tests.test_bundle_evidence" name="test_ci_evidence_reports_stale_internal_digest" time="0.056" /><testcase classname="tests.test_bundle_evidence" name="test_dependency_lock_rejects_unpinned_requirements" time="0.004" /><testcase classname="tests.test_bundle_evidence" name="test_dependency_lock_normalizes_package_names" time="0.003" /><testcase classname="tests.test_bundle_evidence" name="test_portable_paths_reject_drive_ads_and_traversal[C:/asset]" time="0.001" /><testcase classname="tests.test_bundle_evidence" name="test_portable_paths_reject_drive_ads_and_traversal[folder/file:stream]" time="0.001" /><testcase classname="tests.test_bundle_evidence" name="test_portable_paths_reject_drive_ads_and_traversal[../asset]" time="0.001" /><testcase classname="tests.test_bundle_evidence" name="test_portable_paths_reject_drive_ads_and_traversal[/asset]" time="0.001" /><testcase classname="tests.test_contract_actions" name="test_action_spec_handle_result_roundtrip" time="0.002" /><testcase classname="tests.test_contract_actions" name="test_action_illegal_payload" time="0.001" /><testcase classname="tests.test_contract_actions" name="test_action_expired_invalid_times" time="0.001" /><testcase classname="tests.test_contract_actions" name="test_action_invalid_lifecycle_order" time="0.001" /><testcase classname="tests.test_contract_actions" name="test_action_handle_start_and_result_factory_bind_lifecycle" time="0.002" /><testcase classname="tests.test_contract_actions" name="test_action_payload_is_strict_and_deeply_immutable" time="0.001" /><testcase classname="tests.test_contract_actions" name="test_action_result_requires_newer_world_state" time="0.001" /><testcase classname="tests.test_contract_actions_edge_cases" name="test_action_spec_edges_and_strict_hydration" time="0.002" /><testcase classname="tests.test_contract_actions_edge_cases" name="test_action_handle_edges_and_validation_failures" time="0.002" /><testcase classname="tests.test_contract_actions_edge_cases" name="test_action_result_edges_and_strict_hydration" time="0.001" /><testcase classname="tests.test_contract_coordinates" name="test_pixel_coordinate_valid" time="0.001" /><testcase classname="tests.test_contract_coordinates" name="test_pixel_coordinate_invalid" time="0.001" /><testcase classname="tests.test_contract_coordinates" name="test_world_and_velocity_coordinates_roundtrip" time="0.001" /><testcase classname="tests.test_contract_edge_cases" name="test_contract_primitive_validators_reject_invalid_values" time="0.002" /><testcase classname="tests.test_contract_edge_cases" name="test_json_helpers_are_strict_recursive_and_canonical" time="0.002" /><testcase classname="tests.test_contract_edge_cases" name="test_coordinate_roundtrip_rejects_missing_and_non_finite_values" time="0.001" /><testcase classname="tests.test_contract_edge_cases" name="test_action_reference_serializes_and_validates" time="0.001" /><testcase classname="tests.test_contract_frame" name="test_source_geometry_valid_and_roundtrip" time="0.001" /><testcase classname="tests.test_contract_frame" name="test_source_geometry_invalid_values" time="0.001" /><testcase classname="tests.test_contract_frame" name="test_source_geometry_allows_independent_working_resize" time="0.001" /><testcase classname="tests.test_contract_frame" name="test_source_geometry_exposes_anisotropic_downsample_mapping" time="0.001" /><testcase classname="tests.test_contract_frame" name="test_frame_metadata_is_strict_and_deeply_immutable" time="0.001" /><testcase classname="tests.test_contract_frame" name="test_frame_packet_roundtrip" time="0.001" /><testcase classname="tests.test_contract_frame" name="test_frame_packet_illegal_time_order_and_empty_session" time="0.001" /><testcase classname="tests.test_contract_frame" name="test_capture_health_validation_and_boundary" time="0.001" /><testcase classname="tests.test_contract_frame" name="test_capture_health_zero_age_budget_and_serialization" time="0.001" /><testcase classname="tests.test_contract_frame" name="test_capture_health_and_frame_binding" time="0.001" /><testcase classname="tests.test_contract_frame_edge_cases" name="test_frame_value_objects_validate_types_and_missing_fields" time="0.002" /><testcase classname="tests.test_contract_frame_edge_cases" name="test_source_geometry_mapping_rejects_non_numeric_and_out_of_range_points" time="0.001" /><testcase classname="tests.test_contract_frame_edge_cases" name="test_capture_health_freshness_and_frame_delegation" time="0.001" /><testcase classname="tests.test_contract_frame_edge_cases" name="test_frame_binding_and_strict_hydration" time="0.002" /><testcase classname="tests.test_contract_player_world" name="test_player_state_and_world_state_roundtrip" time="0.001" /><testcase classname="tests.test_contract_player_world" name="test_player_visibility_and_confidence_fields" time="0.001" /><testcase classname="tests.test_contract_player_world" name="test_player_state_illegal_confidence_and_generation" time="0.001" /><testcase classname="tests.test_contract_player_world" name="test_lost_player_position_rules" time="0.001" /><testcase classname="tests.test_contract_player_world" name="test_world_state_session_mismatch_rejected" time="0.001" /><testcase classname="tests.test_contract_player_world" name="test_observation_keys_must_be_unique" time="0.001" /><testcase classname="tests.test_contract_player_world" name="test_world_state_rejects_player_from_different_frame" time="0.001" /><testcase classname="tests.test_contract_player_world" name="test_world_state_rejects_nested_session_version_and_generation_drift" time="0.001" /><testcase classname="tests.test_event_tape" name="test_event_tape_append_and_deterministic_read" time="0.009" /><testcase classname="tests.test_event_tape" name="test_event_tape_rejects_physical_out_of_order_or_missing_sequence" time="0.003" /><testcase classname="tests.test_event_tape" name="test_event_tape_invalid_hash_rejected" time="0.007" /><testcase classname="tests.test_event_tape" name="test_event_tape_illegal_payload_rejected" time="0.002" /><testcase classname="tests.test_event_tape" name="test_event_tape_rejects_tamper" time="0.007" /><testcase classname="tests.test_event_tape" name="test_event_tape_rejects_cross_session_and_time_reversal" time="0.007" /><testcase classname="tests.test_event_tape" name="test_event_payload_is_deeply_immutable" time="0.006" /><testcase classname="tests.test_event_tape" name="test_event_tape_rejects_non_standard_json_and_duplicate_keys" time="0.005" /><testcase classname="tests.test_event_tape" name="test_event_tape_second_instance_continues_physical_chain" time="0.009" /><testcase classname="tests.test_event_tape_edge_cases" name="test_event_record_roundtrip_and_constructor_validation" time="0.002" /><testcase classname="tests.test_event_tape_edge_cases" name="test_event_tape_rejects_malformed_physical_lines" time="0.007" /><testcase classname="tests.test_event_tape_edge_cases" name="test_event_tape_rejects_persisted_schema_session_chain_and_order_errors" time="0.007" /><testcase classname="tests.test_event_tape_edge_cases" name="test_event_tape_rejects_persisted_monotonicity_and_directory_path" time="0.013" /><testcase classname="tests.test_event_tape_edge_cases" name="test_event_tape_constructor_and_append_argument_validation" time="0.003" /><testcase classname="tests.test_golden_replay" name="test_golden_fixture_has_deidentification_metadata_and_roundtrips" time="0.012" /><testcase classname="tests.test_golden_replay" name="test_golden_replay_repeats_world_action_and_event_digests" time="0.528" /><testcase classname="tests.test_golden_replay" name="test_golden_replay_mapping_and_explicit_tape_are_reproducible" time="0.274" /><testcase classname="tests.test_golden_replay" name="test_golden_fixture_rejects_tampering_and_temporal_drift" time="0.019" /><testcase classname="tests.test_golden_replay" name="test_golden_fixture_rejects_legacy_mismatch_and_duplicate_json" time="0.011" /><testcase classname="tests.test_golden_replay" name="test_golden_fixture_constructor_and_runner_error_paths" time="0.020" /><testcase classname="tests.test_golden_replay" name="test_golden_report_validation_and_determinism_error" time="0.001" /><testcase classname="tests.test_golden_replay" name="test_golden_value_hydration_missing_keys" time="0.002" /><testcase classname="tests.test_normalize_sdist" name="test_normalized_sdist_is_byte_reproducible" time="0.016" /><testcase classname="tests.test_runtime_manifest_schema" name="test_runtime_manifest_example_is_valid_via_script" time="0.628" /><testcase classname="tests.test_runtime_manifest_schema" name="test_runtime_manifest_cli_accepts_positional_manifest" time="0.633" /><testcase classname="tests.test_runtime_manifest_schema" name="test_runtime_manifest_schema_rejects_duplicate_classes_and_bad_receiver_hash" time="0.662" /><testcase classname="tests.test_runtime_manifest_schema" name="test_runtime_manifest_schema_rejects_missing_threshold_key" time="0.005" /><testcase classname="tests.test_runtime_manifest_schema" name="test_runtime_manifest_cli_rejects_invalid_created_at" time="0.644" /><testcase classname="tests.test_shadow_runner" name="test_dry_run_sink_has_explicit_lifecycle_and_zero_real_calls" time="0.005" /><testcase classname="tests.test_shadow_runner" name="test_shadow_runner_report_separates_plans_from_legacy_and_proves_zero_calls" time="0.290" /><testcase classname="tests.test_shadow_runner" name="test_legacy_observed_action_roundtrip_and_validation" time="0.004" /><testcase classname="tests.test_shadow_runner" name="test_shadow_diff_taxonomy_covers_mismatch_and_unpaired_actions" time="0.007" /><testcase classname="tests.test_shadow_runner" name="test_shadow_runner_rejects_invalid_legacy_records" time="0.008" /><testcase classname="tests.test_shadow_runner" name="test_shadow_report_is_frozen_and_flags_nonzero_real_input" time="0.001" /><testcase classname="tests.test_shadow_runner" name="test_shadow_runner_requires_dry_run_sink_and_strict_report_audit" time="0.013" /><testcase classname="tests.test_shadow_runner" name="test_shadow_report_json_is_machine_readable" time="0.141" /></testsuite></testsuites>